<?xml version="1.0" encoding="UTF-8"?>
<testsuite xmlns:xsi="http://www.w3.org/2001/XMLSchema-instance" xsi:noNamespaceSchemaLocation="https://maven.apache.org/surefire/maven-surefire-plugin/xsd/surefire-test-report.xsd" name="com.example.binaryeyecallback.BarcodeRecognitionTest" time="4.24" tests="3" errors="0" skipped="0" failures="0">
  <properties>
[...]
</properties>
  <testcase name="testRecognizeSingleImage" classname="com.example.binaryeyecallback.BarcodeRecognitionTest" time="0.621"/>
  <testcase name="testRecognizeAllImageDetails" classname="com.example.binaryeyecallback.BarcodeRecognitionTest" time="1.924"/>
  <testcase name="testRecognizeAllBarcodesInImages" classname="com.example.binaryeyecallback.BarcodeRecognitionTest" time="1.683"/>
</testsuite>